<?xml version="1.0" encoding="UTF-8"?>
<!-- Generated by org.testng.reporters.JUnitReportReporter -->
<testsuite skipped="0" hostname="toshiba" name="com.test.apitesting.CreateCustomer" tests="1" failures="0" timestamp="10 Feb 2019 12:03:54 GMT" time="6.630" errors="0">
  <testcase name="createCustomer" time="6.630" classname="com.test.apitesting.CreateCustomer"/>
</testsuite> <!-- com.test.apitesting.CreateCustomer -->
